######################BEGIN######################
Converted quads in UV map of Cylinder to tris.
Exporting UV texture coordinates for Cylinder
Exporting Cylinder
Header Information
Ident: IDP3
Version: 15
Name: 
Flags: 0
Number of Frames: 259
Number of Tags: 0
Number of Surfaces: 1
Number of Skins: 0
Offset Frames: 108
Offset Tags: 14612
Offset Surfaces: 14612
Offset end: 2072964
Total Shaders: 1
Total Triangles: 1128
Total Vertices: 983
MD3 saved to C:\Quake\jmod\progs\p_light.md3
Elapsed 12.91503 seconds
