######################BEGIN######################
Converted quads in UV map of Cylinder to tris.
Exporting UV texture coordinates for Cylinder
Exporting Cylinder
Header Information
Ident: IDP3
Version: 15
Name: 
Flags: 0
Number of Frames: 250
Number of Tags: 0
Number of Surfaces: 1
Number of Skins: 0
Offset Frames: 108
Offset Tags: 14108
Offset Surfaces: 14108
Offset end: 822644
Total Shaders: 1
Total Triangles: 430
Total Vertices: 400
MD3 saved to C:\Quake\jmod\progs\Shot3rd.md3
Elapsed 25.91937 seconds
