Source file: progs.src
outputfile: progs.dat
compiling defs.qc
compiling teamplay.qc
compiling runes.qc
compiling motd.qc
compiling math.qc
compiling subs.qc
compiling fight.qc
compiling ai.qc
compiling combat.qc
compiling items.qc
compiling grapple.qc
compiling weapons.qc
compiling world.qc
compiling client.qc
compiling player.qc
compiling monsters.qc
compiling doors.qc
compiling buttons.qc
compiling triggers.qc
compiling plats.qc
compiling misc.qc
compiling ogre.qc
compiling demon.qc
compiling shambler.qc
compiling knight.qc
compiling soldier.qc
compiling wizard.qc
compiling dog.qc
compiling zombie.qc
compiling boss.qc
compiling tarbaby.qc
compiling hknight.qc
compiling fish.qc
compiling shalrath.qc
compiling enforcer.qc
compiling oldone.qc
compiling hipsubs.qc
compiling hip_brk.qc
compiling hiptrain.qc
compiling hip_expl.qc
compiling hipquake.qc
compiling hipcount.qc
compiling hipitems.qc
compiling hiprubbl.qc
compiling hip_push.qc
compiling hip_part.qc
compiling hipspawn.qc
compiling hipgrem.qc
compiling hiparma.qc
compiling hipspike.qc
compiling hiprot.qc
compiling hipscrge.qc
compiling hipholes.qc
compiling hipclock.qc
compiling hiptrig.qc
compiling hipmisc.qc
compiling hipwater.qc
compiling hipdecoy.qc
compiling new_ai.qc
compiling eel.qc
compiling invis_sw.qc
compiling newitems.qc
compiling newplats.qc
compiling newmisc.qc
compiling elevatr.qc
compiling keepmisc.qc
compiling pendulum.qc
compiling lightnin.qc
compiling wrath.qc
compiling shield.qc
compiling lava_wpn.qc
compiling mult_wpn.qc
compiling s_wrath.qc
compiling random.qc
compiling earthq.qc
compiling lavaman.qc
compiling sphere.qc
compiling version.qc
compiling dragon.qc
compiling buzzsaw.qc
compiling dmatch.qc
compiling morph.qc
compiling ending.qc
compiling mummy.qc
compiling timemach.qc
compiling monsterscoop.qc
Recognised progs as NetQuake server gamecode
Progs should run on any Quake executor
179788 strofs (of 1000000)
 54347 numstatements (of 524288)
  4061 numfunctions (of 16384)
  8359 numglobaldefs (of 32768)
   334 numfielddefs (304 unique) (of 2048)
  8421 numpr_globals (of 65536)
Writing progs.dat
864176 TOTAL SIZE
Writing progs.lno
323 unique precache_sounds
178 unique precache_models
 66 unique precache_files
Compile Complete

optres_shortenifnots 260
optres_overlaptemps 23043
optres_constantarithmatic 70
optres_nonvec_parms 9334
optres_assignments 1170
optres_unreferenced 21
optres_dupconstdefs 258
numtemps 301
0 warnings
