---- light / ericw-tools v0.18.1-32-g6660c5f ----
Raytracing backend: Embree
running with 12 threads
LoadBSPFile: 'test_weapons.bsp'
BSP is version BSP2
SetQdirFromPath: no "maps" in '/home/qmaster/test_weapons.bsp'--- ConvertTextures ---
--- LoadEntities ---
74 entities read, 8 are lights.
--- OptionsSummary ---
Embree_TraceInit: Embree version: 2.15.0
Embree_TraceInit:
	0 sky faces
	1072 solid faces
	0 filtered faces
	0 shadow-casting skip faces
SetupLights: 8 initial lights
SetupLights: 8 after surface lights
SetupLights: 8 after jittering
--- EstimateLightVisibility ---
0....1....2....3....4....5....6....7....8...
Final count: 8 lights, 0 suns in use.
Colored light entities/settings detected: .lit output enabled.
--- LightWorld ---
--- LightThread ---
0....1....2....3....4....5....6....7....8....9....
Lighting Completed.

lightdatasize: 18058
Writing test_weapons.lit
0 switchable light styles (32 max)
Writing test_weapons.bsp as BSP version BSP2
0.306 seconds elapsed

stats:
0.239299 lights tested, 0.223165 hits per sample point
0.000000 surface lights tested, 0.000000 hits per sample point
0.000000 bounce lights tested, 0.000000 hits per sample point
0 empty lightmaps
