---- vis / ericw-tools v0.18.1-32-g6660c5f ----
running with 12 threads
testlevel = 4
LoadBSPFile: 'test_template.bsp'
BSP is version BSP2
    59 leafs
   151 portals
Calculating Base Vis:
0....1....2....3....4....5....6....7....8....9....
Calculating Full Vis:
0....1....2....3....4....5....6....7....8....9....
WARNING: Leaf portals saw into leaf (0)
WARNING: Leaf portals saw into leaf (1)
WARNING: Leaf portals saw into leaf (2)
WARNING: Leaf portals saw into leaf (3)
WARNING: Leaf portals saw into leaf (8)
WARNING: Leaf portals saw into leaf (10)
WARNING: Leaf portals saw into leaf (13)
WARNING: Leaf portals saw into leaf (14)
WARNING: Leaf portals saw into leaf (15)
WARNING: Leaf portals saw into leaf (20)
WARNING: Leaf portals saw into leaf (24)
WARNING: Leaf portals saw into leaf (25)
WARNING: Leaf portals saw into leaf (26)
WARNING: Leaf portals saw into leaf (30)
WARNING: Leaf portals saw into leaf (31)
WARNING: Leaf portals saw into leaf (32)
WARNING: Leaf portals saw into leaf (33)
WARNING: Leaf portals saw into leaf (34)
WARNING: Leaf portals saw into leaf (41)
WARNING: Leaf portals saw into leaf (43)
WARNING: Leaf portals saw into leaf (44)
WARNING: Leaf portals saw into leaf (48)
WARNING: Leaf portals saw into leaf (50)
WARNING: Leaf portals saw into leaf (52)
WARNING: Leaf portals saw into leaf (53)
WARNING: Leaf portals saw into leaf (54)
WARNING: Leaf portals saw into leaf (57)
WARNING: Leaf portals saw into leaf (58)
average leafs visible: 30
c_noclip: 0
c_chains: 24976
visdatasize:466  compressed from 472
Writing test_template.bsp as BSP version BSP2
  0.1 seconds elapsed
